<?xml version="1.0" encoding="UTF-8"?>
<urlset xmlns="http://www.sitemaps.org/schemas/sitemap/0.9">
<url><loc>https://watercoach.netlify.app/</loc></url>
<url><loc>https://watercoach.netlify.app/drinks.html</loc></url>
<url><loc>https://watercoach.netlify.app/about.html</loc></url>
</urlset>