<?xml version="1.0" encoding="UTF-8"?>
<urlset xmlns="http://www.sitemaps.org/schemas/sitemap/0.9">
<url><loc>https://waincal.com/index.html</loc></url>
<url><loc>https://waincal.com/drinks.html</loc></url>
<url><loc>https://waincal.com/about.html</loc></url>
</urlset>